<?xml version="1.0" encoding="UTF-8"?>
<!-- Generated by org.testng.reporters.JUnitReportReporter -->
<testsuite name="com.test.automation.uiAutomation.homepage.TC002_UserReg" tests="1" time="6.966" ignored="0" failures="0" timestamp="04 Jan 2018 13:21:51 GMT" skipped="0" hostname="ashishti" errors="0">
  <testcase name="VerifyUserReg" time="6.966" classname="com.test.automation.uiAutomation.homepage.TC002_UserReg"/>
</testsuite> <!-- com.test.automation.uiAutomation.homepage.TC002_UserReg -->
