<?xml version="1.0" encoding="UTF-8"?>
<!-- Generated by org.testng.reporters.JUnitReportReporter -->
<testsuite name="com.test.automation.uiAutomation.homepage.TC001_VerifyLoginWithInvalidCredentials" tests="1" time="3.683" ignored="0" failures="0" timestamp="04 Jan 2018 07:13:16 GMT" skipped="0" hostname="ashishti" errors="0">
  <testcase name="verifyLoginWithInvalidCredentials" time="3.683" classname="com.test.automation.uiAutomation.homepage.TC001_VerifyLoginWithInvalidCredentials"/>
</testsuite> <!-- com.test.automation.uiAutomation.homepage.TC001_VerifyLoginWithInvalidCredentials -->
